Determining if the pthread_create exist failed with the following output:
Change Dir: /home/lzh/racecar_ws/build/CMakeFiles/CMakeTmp

Run Build Command:"/usr/bin/make" "cmTC_4c81c/fast"
/usr/bin/make -f CMakeFiles/cmTC_4c81c.dir/build.make CMakeFiles/cmTC_4c81c.dir/build
make[1]: 进入目录“/home/lzh/racecar_ws/build/CMakeFiles/CMakeTmp”
Building C object CMakeFiles/cmTC_4c81c.dir/CheckSymbolExists.c.o
/usr/bin/cc    -o CMakeFiles/cmTC_4c81c.dir/CheckSymbolExists.c.o   -c /home/lzh/racecar_ws/build/CMakeFiles/CMakeTmp/CheckSymbolExists.c
Linking C executable cmTC_4c81c
/usr/bin/cmake -E cmake_link_script CMakeFiles/cmTC_4c81c.dir/link.txt --verbose=1
/usr/bin/cc      -rdynamic CMakeFiles/cmTC_4c81c.dir/CheckSymbolExists.c.o  -o cmTC_4c81c 
CMakeFiles/cmTC_4c81c.dir/CheckSymbolExists.c.o：在函数‘main’中：
CheckSymbolExists.c:(.text+0x1b)：对‘pthread_create’未定义的引用
collect2: error: ld returned 1 exit status
CMakeFiles/cmTC_4c81c.dir/build.make:97: recipe for target 'cmTC_4c81c' failed
make[1]: *** [cmTC_4c81c] Error 1
make[1]: 离开目录“/home/lzh/racecar_ws/build/CMakeFiles/CMakeTmp”
Makefile:126: recipe for target 'cmTC_4c81c/fast' failed
make: *** [cmTC_4c81c/fast] Error 2

File /home/lzh/racecar_ws/build/CMakeFiles/CMakeTmp/CheckSymbolExists.c:
/* */
#include <pthread.h>

int main(int argc, char** argv)
{
  (void)argv;
#ifndef pthread_create
  return ((int*)(&pthread_create))[argc];
#else
  (void)argc;
  return 0;
#endif
}

Determining if the function pthread_create exists in the pthreads failed with the following output:
Change Dir: /home/lzh/racecar_ws/build/CMakeFiles/CMakeTmp

Run Build Command:"/usr/bin/make" "cmTC_155f2/fast"
/usr/bin/make -f CMakeFiles/cmTC_155f2.dir/build.make CMakeFiles/cmTC_155f2.dir/build
make[1]: 进入目录“/home/lzh/racecar_ws/build/CMakeFiles/CMakeTmp”
Building C object CMakeFiles/cmTC_155f2.dir/CheckFunctionExists.c.o
/usr/bin/cc   -DCHECK_FUNCTION_EXISTS=pthread_create   -o CMakeFiles/cmTC_155f2.dir/CheckFunctionExists.c.o   -c /usr/share/cmake-3.10/Modules/CheckFunctionExists.c
Linking C executable cmTC_155f2
/usr/bin/cmake -E cmake_link_script CMakeFiles/cmTC_155f2.dir/link.txt --verbose=1
/usr/bin/cc  -DCHECK_FUNCTION_EXISTS=pthread_create    -rdynamic CMakeFiles/cmTC_155f2.dir/CheckFunctionExists.c.o  -o cmTC_155f2 -lpthreads 
/usr/bin/ld: 找不到 -lpthreads
collect2: error: ld returned 1 exit status
CMakeFiles/cmTC_155f2.dir/build.make:97: recipe for target 'cmTC_155f2' failed
make[1]: *** [cmTC_155f2] Error 1
make[1]: 离开目录“/home/lzh/racecar_ws/build/CMakeFiles/CMakeTmp”
Makefile:126: recipe for target 'cmTC_155f2/fast' failed
make: *** [cmTC_155f2/fast] Error 2


Determining if the include file pgm.h exists failed with the following output:
Change Dir: /home/lzh/racecar_ws/build/CMakeFiles/CMakeTmp

Run Build Command:"/usr/bin/make" "cmTC_7d54e/fast"
/usr/bin/make -f CMakeFiles/cmTC_7d54e.dir/build.make CMakeFiles/cmTC_7d54e.dir/build
make[1]: 进入目录“/home/lzh/racecar_ws/build/CMakeFiles/CMakeTmp”
Building CXX object CMakeFiles/cmTC_7d54e.dir/CheckIncludeFile.cxx.o
/usr/bin/c++     -o CMakeFiles/cmTC_7d54e.dir/CheckIncludeFile.cxx.o -c /home/lzh/racecar_ws/build/CMakeFiles/CMakeTmp/CheckIncludeFile.cxx
/home/lzh/racecar_ws/build/CMakeFiles/CMakeTmp/CheckIncludeFile.cxx:1:10: fatal error: pgm.h: 没有那个文件或目录
 #include <pgm.h>
          ^~~~~~~
compilation terminated.
CMakeFiles/cmTC_7d54e.dir/build.make:65: recipe for target 'CMakeFiles/cmTC_7d54e.dir/CheckIncludeFile.cxx.o' failed
make[1]: *** [CMakeFiles/cmTC_7d54e.dir/CheckIncludeFile.cxx.o] Error 1
make[1]: 离开目录“/home/lzh/racecar_ws/build/CMakeFiles/CMakeTmp”
Makefile:126: recipe for target 'cmTC_7d54e/fast' failed
make: *** [cmTC_7d54e/fast] Error 2


